0
In episode 0, the reward is 23.75
In episode 1, the reward is 22.62
In episode 2, the reward is 23.42
In episode 3, the reward is 27.95
In episode 4, the reward is 26.85
In episode 5, the reward is 27.49
In episode 6, the reward is 30.48
In episode 7, the reward is 28.51
In episode 8, the reward is 34.77
In episode 9, the reward is 36.98
In episode 10, the reward is 41.54
In episode 11, the reward is 43.0
In episode 12, the reward is 41.89
In episode 13, the reward is 43.65
In episode 14, the reward is 48.7
In episode 15, the reward is 50.73
In episode 16, the reward is 54.55
In episode 17, the reward is 57.75
In episode 18, the reward is 55.97
In episode 19, the reward is 57.94
In episode 20, the reward is 63.79
In episode 21, the reward is 62.03
In episode 22, the reward is 60.86
In episode 23, the reward is 68.53
In episode 24, the reward is 70.29
In episode 25, the reward is 72.33
In episode 26, the reward is 83.4
In episode 27, the reward is 85.23
In episode 28, the reward is 80.32
In episode 29, the reward is 81.06
In episode 30, the reward is 96.45
In episode 31, the reward is 109.97
In episode 32, the reward is 126.54
In episode 33, the reward is 139.79
In episode 34, the reward is 171.64
In episode 35, the reward is 183.49
In episode 36, the reward is 227.24
In episode 37, the reward is 256.64
In episode 38, the reward is 284.8
In episode 39, the reward is 311.72
In episode 40, the reward is 380.7
In episode 41, the reward is 487.82
In episode 42, the reward is 375.01
In episode 43, the reward is 403.66
In episode 44, the reward is 483.46
In episode 45, the reward is 725.56
In episode 46, the reward is 742.72
In episode 47, the reward is 556.95
In episode 48, the reward is 747.44
In episode 49, the reward is 959.26
In episode 50, the reward is 801.65
In episode 51, the reward is 1267.34
In episode 52, the reward is 1326.57
In episode 53, the reward is 2293.83
In episode 54, the reward is 1256.41
In episode 55, the reward is 1730.96
In episode 56, the reward is 2714.01
In episode 57, the reward is 3527.63
In episode 58, the reward is 3303.16
In episode 59, the reward is 4509.9
In episode 60, the reward is 4183.05
In episode 61, the reward is 6299.33
In episode 62, the reward is 5765.53
In episode 63, the reward is 5658.91
In episode 64, the reward is 8858.71
In episode 65, the reward is 8558.63
In episode 66, the reward is 10487.82
In episode 67, the reward is 7398.88
In episode 68, the reward is 13699.81
In episode 69, the reward is 19472.99
In episode 70, the reward is 18056.26
In episode 71, the reward is 19370.63
In episode 72, the reward is 19162.04
In episode 73, the reward is 14505.48
In episode 74, the reward is 24807.97
In episode 75, the reward is 26489.85
In episode 76, the reward is 8872.3
In episode 77, the reward is 12428.44
In episode 78, the reward is 11500.01
In episode 79, the reward is 9990.0
In episode 80, the reward is 1874.68
In episode 81, the reward is 9066.74
In episode 82, the reward is 21695.77
In episode 83, the reward is 17495.72
In episode 84, the reward is 31517.16
In episode 85, the reward is 59425.55
In episode 86, the reward is 52591.73
In episode 87, the reward is 40304.88
In episode 88, the reward is 81935.36
In episode 89, the reward is 99565.27
In episode 90, the reward is 121111.57
In episode 91, the reward is 34704.67
In episode 92, the reward is 11019.3
In episode 93, the reward is 29011.39
In episode 94, the reward is 112150.06
In episode 95, the reward is 49542.95
In episode 96, the reward is 44209.23
In episode 97, the reward is 190484.91
Python 3.6.3 |Anaconda, Inc.| (default, Oct 13 2017, 12:02:49) 
Type 'copyright', 'credits' or 'license' for more information
IPython 6.1.0 -- An enhanced Interactive Python. Type '?' for help.
Python 3.6.3 |Anaconda, Inc.| (default, Oct 13 2017, 12:02:49) 
[GCC 7.2.0] on linux
Out[2]: 
array([  2.37500000e+01,   2.26200000e+01,   2.34200000e+01,
         2.79500000e+01,   2.68500000e+01,   2.74900000e+01,
         3.04800000e+01,   2.85100000e+01,   3.47700000e+01,
         3.69800000e+01,   4.15400000e+01,   4.30000000e+01,
         4.18900000e+01,   4.36500000e+01,   4.87000000e+01,
         5.07300000e+01,   5.45500000e+01,   5.77500000e+01,
         5.59700000e+01,   5.79400000e+01,   6.37900000e+01,
         6.20300000e+01,   6.08600000e+01,   6.85300000e+01,
         7.02900000e+01,   7.23300000e+01,   8.34000000e+01,
         8.52300000e+01,   8.03200000e+01,   8.10600000e+01,
         9.64500000e+01,   1.09970000e+02,   1.26540000e+02,
         1.39790000e+02,   1.71640000e+02,   1.83490000e+02,
         2.27240000e+02,   2.56640000e+02,   2.84800000e+02,
         3.11720000e+02,   3.80700000e+02,   4.87820000e+02,
         3.75010000e+02,   4.03660000e+02,   4.83460000e+02,
         7.25560000e+02,   7.42720000e+02,   5.56950000e+02,
         7.47440000e+02,   9.59260000e+02,   8.01650000e+02,
         1.26734000e+03,   1.32657000e+03,   2.29383000e+03,
         1.25641000e+03,   1.73096000e+03,   2.71401000e+03,
         3.52763000e+03,   3.30316000e+03,   4.50990000e+03,
         4.18305000e+03,   6.29933000e+03,   5.76553000e+03,
         5.65891000e+03,   8.85871000e+03,   8.55863000e+03,
         1.04878200e+04,   7.39888000e+03,   1.36998100e+04,
         1.94729900e+04,   1.80562600e+04,   1.93706300e+04,
         1.91620400e+04,   1.45054800e+04,   2.48079700e+04,
         2.64898500e+04,   8.87230000e+03,   1.24284400e+04,
         1.15000100e+04,   9.99000000e+03,   1.87468000e+03,
         9.06674000e+03,   2.16957700e+04,   1.74957200e+04,
         3.15171600e+04,   5.94255500e+04,   5.25917300e+04,
         4.03048800e+04,   8.19353600e+04,   9.95652700e+04,
         1.21111570e+05,   3.47046700e+04,   1.10193000e+04,
         2.90113900e+04,   1.12150060e+05,   4.95429500e+04,
         4.42092300e+04,   1.90484910e+05,   0.00000000e+00,
         0.00000000e+00,   0.00000000e+00,   0.00000000e+00,
         0.00000000e+00,   0.00000000e+00,   0.00000000e+00,
         0.00000000e+00,   0.00000000e+00,   0.00000000e+00,
         0.00000000e+00,   0.00000000e+00,   0.00000000e+00,
         0.00000000e+00,   0.00000000e+00,   0.00000000e+00,
         0.00000000e+00,   0.00000000e+00,   0.00000000e+00,
         0.00000000e+00,   0.00000000e+00,   0.00000000e+00,
         0.00000000e+00,   0.00000000e+00,   0.00000000e+00,
         0.00000000e+00,   0.00000000e+00,   0.00000000e+00,
         0.00000000e+00,   0.00000000e+00,   0.00000000e+00,
         0.00000000e+00,   0.00000000e+00,   0.00000000e+00,
         0.00000000e+00,   0.00000000e+00,   0.00000000e+00,
         0.00000000e+00,   0.00000000e+00,   0.00000000e+00,
         0.00000000e+00,   0.00000000e+00,   0.00000000e+00,
         0.00000000e+00,   0.00000000e+00,   0.00000000e+00,
         0.00000000e+00,   0.00000000e+00,   0.00000000e+00,
         0.00000000e+00,   0.00000000e+00,   0.00000000e+00,
         0.00000000e+00,   0.00000000e+00,   0.00000000e+00,
         0.00000000e+00,   0.00000000e+00,   0.00000000e+00,
         0.00000000e+00,   0.00000000e+00,   0.00000000e+00,
         0.00000000e+00,   0.00000000e+00,   0.00000000e+00,
         0.00000000e+00,   0.00000000e+00,   0.00000000e+00,
         0.00000000e+00,   0.00000000e+00,   0.00000000e+00,
         0.00000000e+00,   0.00000000e+00,   0.00000000e+00,
         0.00000000e+00,   0.00000000e+00,   0.00000000e+00,
         0.00000000e+00,   0.00000000e+00,   0.00000000e+00,
         0.00000000e+00,   0.00000000e+00,   0.00000000e+00,
         0.00000000e+00,   0.00000000e+00,   0.00000000e+00,
         0.00000000e+00,   0.00000000e+00,   0.00000000e+00,
         0.00000000e+00,   0.00000000e+00,   0.00000000e+00,
         0.00000000e+00,   0.00000000e+00,   0.00000000e+00,
         0.00000000e+00,   0.00000000e+00,   0.00000000e+00,
         0.00000000e+00,   0.00000000e+00,   0.00000000e+00,
         0.00000000e+00,   0.00000000e+00,   0.00000000e+00,
         0.00000000e+00,   0.00000000e+00,   0.00000000e+00,
         0.00000000e+00,   0.00000000e+00,   0.00000000e+00,
         0.00000000e+00,   0.00000000e+00,   0.00000000e+00,
         0.00000000e+00,   0.00000000e+00,   0.00000000e+00,
         0.00000000e+00,   0.00000000e+00,   0.00000000e+00,
         0.00000000e+00,   0.00000000e+00,   0.00000000e+00,
         0.00000000e+00,   0.00000000e+00,   0.00000000e+00,
         0.00000000e+00,   0.00000000e+00,   0.00000000e+00,
         0.00000000e+00,   0.00000000e+00,   0.00000000e+00,
         0.00000000e+00,   0.00000000e+00,   0.00000000e+00,
         0.00000000e+00,   0.00000000e+00,   0.00000000e+00,
         0.00000000e+00,   0.00000000e+00,   0.00000000e+00,
         0.00000000e+00,   0.00000000e+00,   0.00000000e+00,
         0.00000000e+00,   0.00000000e+00,   0.00000000e+00,
         0.00000000e+00,   0.00000000e+00,   0.00000000e+00,
         0.00000000e+00,   0.00000000e+00,   0.00000000e+00,
         0.00000000e+00,   0.00000000e+00,   0.00000000e+00,
         0.00000000e+00,   0.00000000e+00,   0.00000000e+00,
         0.00000000e+00,   0.00000000e+00,   0.00000000e+00,
         0.00000000e+00,   0.00000000e+00,   0.00000000e+00,
         0.00000000e+00,   0.00000000e+00,   0.00000000e+00,
         0.00000000e+00,   0.00000000e+00,   0.00000000e+00,
         0.00000000e+00,   0.00000000e+00,   0.00000000e+00,
         0.00000000e+00,   0.00000000e+00,   0.00000000e+00,
         0.00000000e+00,   0.00000000e+00,   0.00000000e+00,
         0.00000000e+00,   0.00000000e+00,   0.00000000e+00,
         0.00000000e+00,   0.00000000e+00,   0.00000000e+00,
         0.00000000e+00,   0.00000000e+00,   0.00000000e+00,
         0.00000000e+00,   0.00000000e+00,   0.00000000e+00,
         0.00000000e+00,   0.00000000e+00,   0.00000000e+00,
         0.00000000e+00,   0.00000000e+00,   0.00000000e+00,
         0.00000000e+00,   0.00000000e+00,   0.00000000e+00,
         0.00000000e+00,   0.00000000e+00,   0.00000000e+00])
Out[8]: 
array([  2.37500000e+01,   2.26200000e+01,   2.34200000e+01,
         2.79500000e+01,   2.68500000e+01,   2.74900000e+01,
         3.04800000e+01,   2.85100000e+01,   3.47700000e+01,
         3.69800000e+01,   4.15400000e+01,   4.30000000e+01,
         4.18900000e+01,   4.36500000e+01,   4.87000000e+01,
         5.07300000e+01,   5.45500000e+01,   5.77500000e+01,
         5.59700000e+01,   5.79400000e+01,   6.37900000e+01,
         6.20300000e+01,   6.08600000e+01,   6.85300000e+01,
         7.02900000e+01,   7.23300000e+01,   8.34000000e+01,
         8.52300000e+01,   8.03200000e+01,   8.10600000e+01,
         9.64500000e+01,   1.09970000e+02,   1.26540000e+02,
         1.39790000e+02,   1.71640000e+02,   1.83490000e+02,
         2.27240000e+02,   2.56640000e+02,   2.84800000e+02,
         3.11720000e+02,   3.80700000e+02,   4.87820000e+02,
         3.75010000e+02,   4.03660000e+02,   4.83460000e+02,
         7.25560000e+02,   7.42720000e+02,   5.56950000e+02,
         7.47440000e+02,   9.59260000e+02,   8.01650000e+02,
         1.26734000e+03,   1.32657000e+03,   2.29383000e+03,
         1.25641000e+03,   1.73096000e+03,   2.71401000e+03,
         3.52763000e+03,   3.30316000e+03,   4.50990000e+03,
         4.18305000e+03,   6.29933000e+03,   5.76553000e+03,
         5.65891000e+03,   8.85871000e+03,   8.55863000e+03,
         1.04878200e+04,   7.39888000e+03,   1.36998100e+04,
         1.94729900e+04,   1.80562600e+04,   1.93706300e+04,
         1.91620400e+04,   1.45054800e+04,   2.48079700e+04,
         2.64898500e+04,   8.87230000e+03,   1.24284400e+04,
         1.15000100e+04,   9.99000000e+03,   1.87468000e+03,
         9.06674000e+03,   2.16957700e+04,   1.74957200e+04,
         3.15171600e+04,   5.94255500e+04,   5.25917300e+04,
         4.03048800e+04,   8.19353600e+04,   9.95652700e+04,
         1.21111570e+05,   3.47046700e+04,   1.10193000e+04,
         2.90113900e+04,   1.12150060e+05,   4.95429500e+04,
         4.42092300e+04,   1.90484910e+05,   0.00000000e+00,
         0.00000000e+00,   0.00000000e+00,   0.00000000e+00,
         0.00000000e+00,   0.00000000e+00,   0.00000000e+00,
         0.00000000e+00,   0.00000000e+00,   0.00000000e+00,
         0.00000000e+00,   0.00000000e+00,   0.00000000e+00,
         0.00000000e+00,   0.00000000e+00,   0.00000000e+00,
         0.00000000e+00,   0.00000000e+00,   0.00000000e+00,
         0.00000000e+00,   0.00000000e+00,   0.00000000e+00,
         0.00000000e+00,   0.00000000e+00,   0.00000000e+00,
         0.00000000e+00,   0.00000000e+00,   0.00000000e+00,
         0.00000000e+00,   0.00000000e+00,   0.00000000e+00,
         0.00000000e+00,   0.00000000e+00,   0.00000000e+00,
         0.00000000e+00,   0.00000000e+00,   0.00000000e+00,
         0.00000000e+00,   0.00000000e+00,   0.00000000e+00,
         0.00000000e+00,   0.00000000e+00,   0.00000000e+00,
         0.00000000e+00,   0.00000000e+00,   0.00000000e+00,
         0.00000000e+00,   0.00000000e+00,   0.00000000e+00,
         0.00000000e+00,   0.00000000e+00,   0.00000000e+00,
         0.00000000e+00,   0.00000000e+00,   0.00000000e+00,
         0.00000000e+00,   0.00000000e+00,   0.00000000e+00,
         0.00000000e+00,   0.00000000e+00,   0.00000000e+00,
         0.00000000e+00,   0.00000000e+00,   0.00000000e+00,
         0.00000000e+00,   0.00000000e+00,   0.00000000e+00,
         0.00000000e+00,   0.00000000e+00,   0.00000000e+00,
         0.00000000e+00,   0.00000000e+00,   0.00000000e+00,
         0.00000000e+00,   0.00000000e+00,   0.00000000e+00,
         0.00000000e+00,   0.00000000e+00,   0.00000000e+00,
         0.00000000e+00,   0.00000000e+00,   0.00000000e+00,
         0.00000000e+00,   0.00000000e+00,   0.00000000e+00,
         0.00000000e+00,   0.00000000e+00,   0.00000000e+00,
         0.00000000e+00,   0.00000000e+00,   0.00000000e+00,
         0.00000000e+00,   0.00000000e+00,   0.00000000e+00,
         0.00000000e+00,   0.00000000e+00,   0.00000000e+00,
         0.00000000e+00,   0.00000000e+00,   0.00000000e+00,
         0.00000000e+00,   0.00000000e+00,   0.00000000e+00,
         0.00000000e+00,   0.00000000e+00,   0.00000000e+00,
         0.00000000e+00,   0.00000000e+00,   0.00000000e+00,
         0.00000000e+00,   0.00000000e+00,   0.00000000e+00,
         0.00000000e+00,   0.00000000e+00,   0.00000000e+00,
         0.00000000e+00,   0.00000000e+00,   0.00000000e+00,
         0.00000000e+00,   0.00000000e+00,   0.00000000e+00,
         0.00000000e+00,   0.00000000e+00,   0.00000000e+00,
         0.00000000e+00,   0.00000000e+00,   0.00000000e+00,
         0.00000000e+00,   0.00000000e+00,   0.00000000e+00,
         0.00000000e+00,   0.00000000e+00,   0.00000000e+00,
         0.00000000e+00,   0.00000000e+00,   0.00000000e+00,
         0.00000000e+00,   0.00000000e+00,   0.00000000e+00,
         0.00000000e+00,   0.00000000e+00,   0.00000000e+00,
         0.00000000e+00,   0.00000000e+00,   0.00000000e+00,
         0.00000000e+00,   0.00000000e+00,   0.00000000e+00,
         0.00000000e+00,   0.00000000e+00,   0.00000000e+00,
         0.00000000e+00,   0.00000000e+00,   0.00000000e+00,
         0.00000000e+00,   0.00000000e+00,   0.00000000e+00,
         0.00000000e+00,   0.00000000e+00,   0.00000000e+00,
         0.00000000e+00,   0.00000000e+00,   0.00000000e+00,
         0.00000000e+00,   0.00000000e+00,   0.00000000e+00,
         0.00000000e+00,   0.00000000e+00,   0.00000000e+00,
         0.00000000e+00,   0.00000000e+00,   0.00000000e+00,
         0.00000000e+00,   0.00000000e+00,   0.00000000e+00,
         0.00000000e+00,   0.00000000e+00,   0.00000000e+00,
         0.00000000e+00,   0.00000000e+00,   0.00000000e+00,
         0.00000000e+00,   0.00000000e+00,   0.00000000e+00,
         0.00000000e+00,   0.00000000e+00,   0.00000000e+00,
         0.00000000e+00,   0.00000000e+00,   0.00000000e+00,
         0.00000000e+00,   0.00000000e+00,   0.00000000e+00,
         0.00000000e+00,   0.00000000e+00,   0.00000000e+00,
         0.00000000e+00,   0.00000000e+00,   0.00000000e+00,
         0.00000000e+00,   0.00000000e+00,   0.00000000e+00])
Out[17]: '/home/becky/Git/reinforcement_learning_pytorch/algo/reinforce'
Out[20]: 
array([  2.37500000e+01,   2.26200000e+01,   2.34200000e+01,
         2.79500000e+01,   2.68500000e+01,   2.74900000e+01,
         3.04800000e+01,   2.85100000e+01,   3.47700000e+01,
         3.69800000e+01,   4.15400000e+01,   4.30000000e+01,
         4.18900000e+01,   4.36500000e+01,   4.87000000e+01,
         5.07300000e+01,   5.45500000e+01,   5.77500000e+01,
         5.59700000e+01,   5.79400000e+01,   6.37900000e+01,
         6.20300000e+01,   6.08600000e+01,   6.85300000e+01,
         7.02900000e+01,   7.23300000e+01,   8.34000000e+01,
         8.52300000e+01,   8.03200000e+01,   8.10600000e+01,
         9.64500000e+01,   1.09970000e+02,   1.26540000e+02,
         1.39790000e+02,   1.71640000e+02,   1.83490000e+02,
         2.27240000e+02,   2.56640000e+02,   2.84800000e+02,
         3.11720000e+02,   3.80700000e+02,   4.87820000e+02,
         3.75010000e+02,   4.03660000e+02,   4.83460000e+02,
         7.25560000e+02,   7.42720000e+02,   5.56950000e+02,
         7.47440000e+02,   9.59260000e+02,   8.01650000e+02,
         1.26734000e+03,   1.32657000e+03,   2.29383000e+03,
         1.25641000e+03,   1.73096000e+03,   2.71401000e+03,
         3.52763000e+03,   3.30316000e+03,   4.50990000e+03,
         4.18305000e+03,   6.29933000e+03,   5.76553000e+03,
         5.65891000e+03,   8.85871000e+03,   8.55863000e+03,
         1.04878200e+04,   7.39888000e+03,   1.36998100e+04,
         1.94729900e+04,   1.80562600e+04,   1.93706300e+04,
         1.91620400e+04,   1.45054800e+04,   2.48079700e+04,
         2.64898500e+04,   8.87230000e+03,   1.24284400e+04,
         1.15000100e+04,   9.99000000e+03,   1.87468000e+03,
         9.06674000e+03,   2.16957700e+04,   1.74957200e+04,
         3.15171600e+04,   5.94255500e+04,   5.25917300e+04,
         4.03048800e+04,   8.19353600e+04,   9.95652700e+04,
         1.21111570e+05,   3.47046700e+04,   1.10193000e+04,
         2.90113900e+04,   1.12150060e+05,   4.95429500e+04,
         4.42092300e+04,   1.90484910e+05,   0.00000000e+00,
         0.00000000e+00,   0.00000000e+00,   0.00000000e+00,
         0.00000000e+00,   0.00000000e+00,   0.00000000e+00,
         0.00000000e+00,   0.00000000e+00,   0.00000000e+00,
         0.00000000e+00,   0.00000000e+00,   0.00000000e+00,
         0.00000000e+00,   0.00000000e+00,   0.00000000e+00,
         0.00000000e+00,   0.00000000e+00,   0.00000000e+00,
         0.00000000e+00,   0.00000000e+00,   0.00000000e+00,
         0.00000000e+00,   0.00000000e+00,   0.00000000e+00,
         0.00000000e+00,   0.00000000e+00,   0.00000000e+00,
         0.00000000e+00,   0.00000000e+00,   0.00000000e+00,
         0.00000000e+00,   0.00000000e+00,   0.00000000e+00,
         0.00000000e+00,   0.00000000e+00,   0.00000000e+00,
         0.00000000e+00,   0.00000000e+00,   0.00000000e+00,
         0.00000000e+00,   0.00000000e+00,   0.00000000e+00,
         0.00000000e+00,   0.00000000e+00,   0.00000000e+00,
         0.00000000e+00,   0.00000000e+00,   0.00000000e+00,
         0.00000000e+00,   0.00000000e+00,   0.00000000e+00,
         0.00000000e+00,   0.00000000e+00,   0.00000000e+00,
         0.00000000e+00,   0.00000000e+00,   0.00000000e+00,
         0.00000000e+00,   0.00000000e+00,   0.00000000e+00,
         0.00000000e+00,   0.00000000e+00,   0.00000000e+00,
         0.00000000e+00,   0.00000000e+00,   0.00000000e+00,
         0.00000000e+00,   0.00000000e+00,   0.00000000e+00,
         0.00000000e+00,   0.00000000e+00,   0.00000000e+00,
         0.00000000e+00,   0.00000000e+00,   0.00000000e+00,
         0.00000000e+00,   0.00000000e+00,   0.00000000e+00,
         0.00000000e+00,   0.00000000e+00,   0.00000000e+00,
         0.00000000e+00,   0.00000000e+00,   0.00000000e+00,
         0.00000000e+00,   0.00000000e+00,   0.00000000e+00,
         0.00000000e+00,   0.00000000e+00,   0.00000000e+00,
         0.00000000e+00,   0.00000000e+00,   0.00000000e+00,
         0.00000000e+00,   0.00000000e+00,   0.00000000e+00,
         0.00000000e+00,   0.00000000e+00,   0.00000000e+00,
         0.00000000e+00,   0.00000000e+00,   0.00000000e+00,
         0.00000000e+00,   0.00000000e+00,   0.00000000e+00,
         0.00000000e+00,   0.00000000e+00,   0.00000000e+00,
         0.00000000e+00,   0.00000000e+00,   0.00000000e+00,
         0.00000000e+00,   0.00000000e+00,   0.00000000e+00,
         0.00000000e+00,   0.00000000e+00,   0.00000000e+00,
         0.00000000e+00,   0.00000000e+00,   0.00000000e+00,
         0.00000000e+00,   0.00000000e+00,   0.00000000e+00,
         0.00000000e+00,   0.00000000e+00,   0.00000000e+00,
         0.00000000e+00,   0.00000000e+00,   0.00000000e+00,
         0.00000000e+00,   0.00000000e+00,   0.00000000e+00,
         0.00000000e+00,   0.00000000e+00,   0.00000000e+00,
         0.00000000e+00,   0.00000000e+00,   0.00000000e+00,
         0.00000000e+00,   0.00000000e+00,   0.00000000e+00,
         0.00000000e+00,   0.00000000e+00,   0.00000000e+00,
         0.00000000e+00,   0.00000000e+00,   0.00000000e+00,
         0.00000000e+00,   0.00000000e+00,   0.00000000e+00,
         0.00000000e+00,   0.00000000e+00,   0.00000000e+00,
         0.00000000e+00,   0.00000000e+00,   0.00000000e+00,
         0.00000000e+00,   0.00000000e+00,   0.00000000e+00,
         0.00000000e+00,   0.00000000e+00,   0.00000000e+00,
         0.00000000e+00,   0.00000000e+00,   0.00000000e+00,
         0.00000000e+00,   0.00000000e+00,   0.00000000e+00,
         0.00000000e+00,   0.00000000e+00,   0.00000000e+00,
         0.00000000e+00,   0.00000000e+00,   0.00000000e+00,
         0.00000000e+00,   0.00000000e+00,   0.00000000e+00,
         0.00000000e+00,   0.00000000e+00,   0.00000000e+00,
         0.00000000e+00,   0.00000000e+00,   0.00000000e+00,
         0.00000000e+00,   0.00000000e+00,   0.00000000e+00,
         0.00000000e+00,   0.00000000e+00,   0.00000000e+00,
         0.00000000e+00,   0.00000000e+00,   0.00000000e+00,
         0.00000000e+00,   0.00000000e+00,   0.00000000e+00,
         0.00000000e+00,   0.00000000e+00,   0.00000000e+00,
         0.00000000e+00,   0.00000000e+00,   0.00000000e+00])